***************************************
*** ###easy### TPC-C Load Generator ***
***************************************
option h with value '127.0.0.1'
option P with value '3306'
option d with value 'tpcc1000'
option u with value 'root'
option w with value '1000'
option c with value '32'
option r with value '10'
option l with value '120'
option f with value '20160909-002.report'
option t with value '20160909-002.trx'
<Parameters>
     [server]: 127.0.0.1
     [port]: 3306
     [DBname]: tpcc1000
       [user]: root
       [pass]: 
  [warehouse]: 1000
 [connection]: 32
     [rampup]: 10 (sec.)
    [measure]: 120 (sec.)

RAMP-UP TIME.(10 sec.)

MEASURING START.

  10, trx: 33, 95%: 8049.317, 99%: 8441.687, max_rt: 10637.972, 36|3915.031, 4|2221.069, 2|16085.512, 2|16966.162
  20, trx: 40, 95%: 7661.412, 99%: 8066.201, max_rt: 8067.391, 35|2908.748, 4|1739.792, 5|16969.332, 3|17524.857
  30, trx: 37, 95%: 6040.708, 99%: 7138.855, max_rt: 7138.418, 36|3327.646, 4|978.571, 3|14170.680, 2|25347.660
  40, trx: 32, 95%: 6780.603, 99%: 7164.544, max_rt: 7164.999, 30|5890.560, 2|1349.826, 3|14158.018, 3|25098.899
  50, trx: 36, 95%: 6868.444, 99%: 7173.128, max_rt: 7172.278, 39|3469.658, 4|1404.318, 4|16188.739, 6|21409.545
  60, trx: 32, 95%: 6685.875, 99%: 8095.228, max_rt: 8095.725, 34|2715.959, 3|1132.415, 3|18078.425, 4|16927.823
  70, trx: 36, 95%: 6610.255, 99%: 7070.799, max_rt: 7071.029, 32|2833.091, 4|1967.357, 4|15770.537, 3|15530.314
  80, trx: 37, 95%: 6144.660, 99%: 6269.140, max_rt: 6269.819, 38|3471.743, 4|1502.538, 3|16753.212, 3|16991.050
  90, trx: 32, 95%: 7311.873, 99%: 8933.045, max_rt: 8933.641, 28|2504.086, 3|2143.015, 3|14559.147, 4|18917.595
 100, trx: 27, 95%: 8633.350, 99%: 8808.246, max_rt: 8809.348, 33|2900.471, 3|2109.172, 3|17829.892, 4|17641.425
 110, trx: 31, 95%: 7145.268, 99%: 7996.483, max_rt: 7995.629, 34|2874.782, 3|1835.463, 4|18626.737, 2|19347.785
 120, trx: 39, 95%: 7929.741, 99%: 8586.958, max_rt: 8586.687, 35|2511.146, 4|1644.196, 4|16880.177, 4|15831.716

STOPPING THREADS................................

<Raw Results>
  [0] sc:0 lt:412  rt:0  fl:0 avg_rt: 5237.4 (5)
  [1] sc:0 lt:410  rt:0  fl:0 avg_rt: 1488.4 (5)
  [2] sc:0 lt:42  rt:0  fl:0 avg_rt: 1199.2 (5)
  [3] sc:0 lt:41  rt:0  fl:0 avg_rt: 15560.5 (80)
  [4] sc:0 lt:40  rt:0  fl:0 avg_rt: 19145.6 (20)
 in 120 sec.

<Raw Results2(sum ver.)>
  [0] sc:0  lt:412  rt:0  fl:0 
  [1] sc:0  lt:415  rt:0  fl:0 
  [2] sc:0  lt:42  rt:0  fl:0 
  [3] sc:0  lt:41  rt:0  fl:0 
  [4] sc:0  lt:40  rt:0  fl:0 

<Constraint Check> (all must be [OK])
 [transaction percentage]
        Payment: 43.39% (>=43.0%) [OK]
   Order-Status: 4.44% (>= 4.0%) [OK]
       Delivery: 4.34% (>= 4.0%) [OK]
    Stock-Level: 4.23% (>= 4.0%) [OK]
 [response time (at least 90% passed)]
      New-Order: 0.00%  [NG] *
        Payment: 0.00%  [NG] *
   Order-Status: 0.00%  [NG] *
       Delivery: 0.00%  [NG] *
    Stock-Level: 0.00%  [NG] *

<TpmC>
                 206.000 TpmC
